"2024-08-01 00:24:56,600 INFO  [restartedMain] com.tpe.Application: Starting Application using Java 17.0.11 on Wings-MacBook-Pro.local with PID 36713 (/Users/ctuka/Library/Mobile Documents/com~apple~CloudDocs/Desktop/src/TechPro/SpringBoot/springBoot/target/classes started by ctuka in /Users/ctuka/Library/Mobile Documents/com~apple~CloudDocs/Desktop/src/TechPro/SpringBoot/springBoot)
""2024-08-01 00:24:56,607 INFO  [restartedMain] com.tpe.Application: No active profile set, falling back to default profiles: default
""2024-08-01 00:24:56,695 INFO  [restartedMain] org.springframework.boot.devtools.env.DevToolsPropertyDefaultsPostProcessor: Devtools property defaults active! Set 'spring.devtools.add-properties' to 'false' to disable
""2024-08-01 00:24:58,099 INFO  [restartedMain] org.springframework.data.repository.config.RepositoryConfigurationDelegate: Bootstrapping Spring Data JPA repositories in DEFAULT mode.
""2024-08-01 00:24:58,156 INFO  [restartedMain] org.springframework.data.repository.config.RepositoryConfigurationDelegate: Finished Spring Data repository scanning in 46 ms. Found 2 JPA repository interfaces.
""2024-08-01 00:24:58,746 INFO  [restartedMain] org.springframework.boot.web.embedded.tomcat.TomcatWebServer: Tomcat initialized with port(s): 8080 (http)
""2024-08-01 00:24:58,755 INFO  [restartedMain] org.apache.catalina.core.StandardService: Starting service [Tomcat]
""2024-08-01 00:24:58,756 INFO  [restartedMain] org.apache.catalina.core.StandardEngine: Starting Servlet engine: [Apache Tomcat/9.0.56]
""2024-08-01 00:24:58,819 INFO  [restartedMain] org.apache.catalina.core.ContainerBase.[Tomcat].[localhost].[/]: Initializing Spring embedded WebApplicationContext
""2024-08-01 00:24:58,819 INFO  [restartedMain] org.springframework.boot.web.servlet.context.ServletWebServerApplicationContext: Root WebApplicationContext: initialization completed in 2123 ms
""2024-08-01 00:24:59,088 INFO  [restartedMain] org.hibernate.jpa.internal.util.LogHelper: HHH000204: Processing PersistenceUnitInfo [name: default]
""2024-08-01 00:24:59,148 INFO  [restartedMain] org.hibernate.Version: HHH000412: Hibernate ORM core version 5.6.4.Final
""2024-08-01 00:24:59,337 INFO  [restartedMain] org.hibernate.annotations.common.Version: HCANN000001: Hibernate Commons Annotations {5.1.2.Final}
""2024-08-01 00:24:59,457 INFO  [restartedMain] com.zaxxer.hikari.HikariDataSource: HikariPool-1 - Starting...
""2024-08-01 00:24:59,627 INFO  [restartedMain] com.zaxxer.hikari.HikariDataSource: HikariPool-1 - Start completed.
""2024-08-01 00:24:59,647 INFO  [restartedMain] org.hibernate.dialect.Dialect: HHH000400: Using dialect: org.hibernate.dialect.PostgreSQLDialect
""2024-08-01 00:25:00,496 INFO  [restartedMain] org.hibernate.engine.transaction.jta.platform.internal.JtaPlatformInitiator: HHH000490: Using JtaPlatform implementation: [org.hibernate.engine.transaction.jta.platform.internal.NoJtaPlatform]
""2024-08-01 00:25:00,504 INFO  [restartedMain] org.springframework.orm.jpa.LocalContainerEntityManagerFactoryBean: Initialized JPA EntityManagerFactory for persistence unit 'default'
""2024-08-01 00:25:00,936 WARN  [restartedMain] org.springframework.boot.autoconfigure.orm.jpa.JpaBaseConfiguration$JpaWebConfiguration: spring.jpa.open-in-view is enabled by default. Therefore, database queries may be performed during view rendering. Explicitly configure spring.jpa.open-in-view to disable this warning
""2024-08-01 00:25:01,369 INFO  [restartedMain] org.springframework.boot.devtools.autoconfigure.OptionalLiveReloadServer: LiveReload server is running on port 35729
""2024-08-01 00:25:01,415 INFO  [restartedMain] org.springframework.boot.web.embedded.tomcat.TomcatWebServer: Tomcat started on port(s): 8080 (http) with context path ''
""2024-08-01 00:25:01,432 INFO  [restartedMain] com.tpe.Application: Started Application in 5.325 seconds (JVM running for 6.18)
""2024-08-01 00:25:01,682 INFO  [RMI TCP Connection(1)-127.0.0.1] org.apache.catalina.core.ContainerBase.[Tomcat].[localhost].[/]: Initializing Spring DispatcherServlet 'dispatcherServlet'
""2024-08-01 00:25:57,572 INFO  [SpringApplicationShutdownHook] org.springframework.orm.jpa.LocalContainerEntityManagerFactoryBean: Closing JPA EntityManagerFactory for persistence unit 'default'
""2024-08-01 00:25:57,576 INFO  [SpringApplicationShutdownHook] com.zaxxer.hikari.HikariDataSource: HikariPool-1 - Shutdown initiated...
""2024-08-01 00:25:57,580 INFO  [SpringApplicationShutdownHook] com.zaxxer.hikari.HikariDataSource: HikariPool-1 - Shutdown completed.
""2024-08-01 00:26:03,742 INFO  [restartedMain] com.tpe.Application: Starting Application using Java 17.0.11 on Wings-MacBook-Pro.local with PID 36770 (/Users/ctuka/Library/Mobile Documents/com~apple~CloudDocs/Desktop/src/TechPro/SpringBoot/springBoot/target/classes started by ctuka in /Users/ctuka/Library/Mobile Documents/com~apple~CloudDocs/Desktop/src/TechPro/SpringBoot/springBoot)
""2024-08-01 00:26:03,746 INFO  [restartedMain] com.tpe.Application: No active profile set, falling back to default profiles: default
""2024-08-01 00:26:03,828 INFO  [restartedMain] org.springframework.boot.devtools.env.DevToolsPropertyDefaultsPostProcessor: Devtools property defaults active! Set 'spring.devtools.add-properties' to 'false' to disable
""2024-08-01 00:26:04,843 INFO  [restartedMain] org.springframework.data.repository.config.RepositoryConfigurationDelegate: Bootstrapping Spring Data JPA repositories in DEFAULT mode.
""2024-08-01 00:26:04,892 INFO  [restartedMain] org.springframework.data.repository.config.RepositoryConfigurationDelegate: Finished Spring Data repository scanning in 39 ms. Found 2 JPA repository interfaces.
""2024-08-01 00:26:05,459 INFO  [restartedMain] org.springframework.boot.web.embedded.tomcat.TomcatWebServer: Tomcat initialized with port(s): 8080 (http)
""2024-08-01 00:26:05,467 INFO  [restartedMain] org.apache.catalina.core.StandardService: Starting service [Tomcat]
""2024-08-01 00:26:05,468 INFO  [restartedMain] org.apache.catalina.core.StandardEngine: Starting Servlet engine: [Apache Tomcat/9.0.56]
""2024-08-01 00:26:05,532 INFO  [restartedMain] org.apache.catalina.core.ContainerBase.[Tomcat].[localhost].[/]: Initializing Spring embedded WebApplicationContext
""2024-08-01 00:26:05,532 INFO  [restartedMain] org.springframework.boot.web.servlet.context.ServletWebServerApplicationContext: Root WebApplicationContext: initialization completed in 1703 ms
""2024-08-01 00:26:05,792 INFO  [restartedMain] org.hibernate.jpa.internal.util.LogHelper: HHH000204: Processing PersistenceUnitInfo [name: default]
""2024-08-01 00:26:05,842 INFO  [restartedMain] org.hibernate.Version: HHH000412: Hibernate ORM core version 5.6.4.Final
""2024-08-01 00:26:06,005 INFO  [restartedMain] org.hibernate.annotations.common.Version: HCANN000001: Hibernate Commons Annotations {5.1.2.Final}
""2024-08-01 00:26:06,104 INFO  [restartedMain] com.zaxxer.hikari.HikariDataSource: HikariPool-1 - Starting...
""2024-08-01 00:26:06,219 INFO  [restartedMain] com.zaxxer.hikari.HikariDataSource: HikariPool-1 - Start completed.
""2024-08-01 00:26:06,239 INFO  [restartedMain] org.hibernate.dialect.Dialect: HHH000400: Using dialect: org.hibernate.dialect.PostgreSQLDialect
""2024-08-01 00:26:06,930 INFO  [restartedMain] org.hibernate.engine.transaction.jta.platform.internal.JtaPlatformInitiator: HHH000490: Using JtaPlatform implementation: [org.hibernate.engine.transaction.jta.platform.internal.NoJtaPlatform]
""2024-08-01 00:26:06,941 INFO  [restartedMain] org.springframework.orm.jpa.LocalContainerEntityManagerFactoryBean: Initialized JPA EntityManagerFactory for persistence unit 'default'
""2024-08-01 00:26:07,507 WARN  [restartedMain] org.springframework.boot.autoconfigure.orm.jpa.JpaBaseConfiguration$JpaWebConfiguration: spring.jpa.open-in-view is enabled by default. Therefore, database queries may be performed during view rendering. Explicitly configure spring.jpa.open-in-view to disable this warning
""2024-08-01 00:26:07,934 INFO  [restartedMain] org.springframework.boot.devtools.autoconfigure.OptionalLiveReloadServer: LiveReload server is running on port 35729
""2024-08-01 00:26:07,979 INFO  [restartedMain] org.springframework.boot.web.embedded.tomcat.TomcatWebServer: Tomcat started on port(s): 8080 (http) with context path ''
""2024-08-01 00:26:07,997 INFO  [restartedMain] com.tpe.Application: Started Application in 4.77 seconds (JVM running for 5.632)
""2024-08-01 00:26:08,294 INFO  [RMI TCP Connection(3)-127.0.0.1] org.apache.catalina.core.ContainerBase.[Tomcat].[localhost].[/]: Initializing Spring DispatcherServlet 'dispatcherServlet'
""2024-08-01 00:26:25,043 INFO  [SpringApplicationShutdownHook] org.springframework.orm.jpa.LocalContainerEntityManagerFactoryBean: Closing JPA EntityManagerFactory for persistence unit 'default'
""2024-08-01 00:26:25,048 INFO  [SpringApplicationShutdownHook] com.zaxxer.hikari.HikariDataSource: HikariPool-1 - Shutdown initiated...
""2024-08-01 00:26:25,052 INFO  [SpringApplicationShutdownHook] com.zaxxer.hikari.HikariDataSource: HikariPool-1 - Shutdown completed.
"